-------------------------
Fecha y hora: 2025-11-05T00:25:27.5133383Z
IP del cliente: 127.0.0.1
Método: GET
URL: /
Headers:
  Host: localhost:8080
  Connection: keep-alive
  sec-ch-ua: "Google Chrome";v="141", "Not?A_Brand";v="8", "Chromium";v="141"
  sec-ch-ua-mobile: ?0
  sec-ch-ua-platform: "Windows"
  DNT: 1
  Upgrade-Insecure-Requests: 1
  User-Agent: Mozilla/5.0 (Windows NT 10.0; Win64; x64) AppleWebKit/537.36 (KHTML, like Gecko) Chrome/141.0.0.0 Safari/537.36
  Accept: text/html,application/xhtml+xml,application/xml;q=0.9,image/avif,image/webp,image/apng,*/*;q=0.8,application/signed-exchange;v=b3;q=0.7
  Sec-Fetch-Site: none
  Sec-Fetch-Mode: navigate
  Sec-Fetch-User: ?1
  Sec-Fetch-Dest: document
  Accept-Encoding: gzip, deflate, br, zstd
  Accept-Language: es-US,es-419;q=0.9,es;q=0.8,en;q=0.7

-------------------------
Fecha y hora: 2025-11-05T00:25:27.6398529Z
IP del cliente: 127.0.0.1
Método: GET
URL: /styles.css
Headers:
  Host: localhost:8080
  Connection: keep-alive
  sec-ch-ua-platform: "Windows"
  User-Agent: Mozilla/5.0 (Windows NT 10.0; Win64; x64) AppleWebKit/537.36 (KHTML, like Gecko) Chrome/141.0.0.0 Safari/537.36
  sec-ch-ua: "Google Chrome";v="141", "Not?A_Brand";v="8", "Chromium";v="141"
  DNT: 1
  sec-ch-ua-mobile: ?0
  Accept: text/css,*/*;q=0.1
  Sec-Fetch-Site: same-origin
  Sec-Fetch-Mode: no-cors
  Sec-Fetch-Dest: style
  Referer: http://localhost:8080/
  Accept-Encoding: gzip, deflate, br, zstd
  Accept-Language: es-US,es-419;q=0.9,es;q=0.8,en;q=0.7

-------------------------
Fecha y hora: 2025-11-05T00:25:27.7501786Z
IP del cliente: 127.0.0.1
Método: GET
URL: /imagen.png
Headers:
  Host: localhost:8080
  Connection: keep-alive
  sec-ch-ua-platform: "Windows"
  User-Agent: Mozilla/5.0 (Windows NT 10.0; Win64; x64) AppleWebKit/537.36 (KHTML, like Gecko) Chrome/141.0.0.0 Safari/537.36
  sec-ch-ua: "Google Chrome";v="141", "Not?A_Brand";v="8", "Chromium";v="141"
  DNT: 1
  sec-ch-ua-mobile: ?0
  Accept: image/avif,image/webp,image/apng,image/svg+xml,image/*,*/*;q=0.8
  Sec-Fetch-Site: same-origin
  Sec-Fetch-Mode: no-cors
  Sec-Fetch-Dest: image
  Referer: http://localhost:8080/
  Accept-Encoding: gzip, deflate, br, zstd
  Accept-Language: es-US,es-419;q=0.9,es;q=0.8,en;q=0.7

-------------------------
Fecha y hora: 2025-11-05T00:25:27.9473984Z
IP del cliente: 127.0.0.1
Método: GET
URL: /script.js
Headers:
  Host: localhost:8080
  Connection: keep-alive
  sec-ch-ua-platform: "Windows"
  User-Agent: Mozilla/5.0 (Windows NT 10.0; Win64; x64) AppleWebKit/537.36 (KHTML, like Gecko) Chrome/141.0.0.0 Safari/537.36
  sec-ch-ua: "Google Chrome";v="141", "Not?A_Brand";v="8", "Chromium";v="141"
  DNT: 1
  sec-ch-ua-mobile: ?0
  Accept: */*
  Sec-Fetch-Site: same-origin
  Sec-Fetch-Mode: no-cors
  Sec-Fetch-Dest: script
  Referer: http://localhost:8080/
  Accept-Encoding: gzip, deflate, br, zstd
  Accept-Language: es-US,es-419;q=0.9,es;q=0.8,en;q=0.7

